{"contracts/SimpleStorage.sol":{"l":{"19":1,"23":2,"27":0,"28":0},"path":"/Users/tanlooting/Documents/solidity-projects/ETHDenver-bootcamp/hh-fcc/hardhat-simple-storage-fcc/contracts/SimpleStorage.sol","s":{"1":2,"2":0},"b":{},"f":{"1":1,"2":2,"3":0},"fnMap":{"1":{"name":"store","line":18,"loc":{"start":{"line":18,"column":4},"end":{"line":20,"column":4}}},"2":{"name":"retrieve","line":22,"loc":{"start":{"line":22,"column":4},"end":{"line":24,"column":4}}},"3":{"name":"addPerson","line":26,"loc":{"start":{"line":26,"column":4},"end":{"line":29,"column":4}}}},"statementMap":{"1":{"start":{"line":23,"column":8},"end":{"line":23,"column":29}},"2":{"start":{"line":27,"column":8},"end":{"line":27,"column":50}}},"branchMap":{}}}